<?xml version="1.0" encoding="UTF-8"?>
<!-- Generated by org.testng.reporters.JUnitXMLReporter -->
<testsuite ignored="0" hostname="LAPTOP-NKUME37F" failures="0" tests="3" name="Default test" time="4.491" errors="0" timestamp="2024-11-30T17:51:39 ICT">
  <testcase classname="ecm_testing.TestCreateProduct" name="testCreateProduct" time="0.767"/>
  <testcase classname="ecm_testing.TestCreateProduct" name="testCreateProduct" time="0.737"/>
  <testcase classname="ecm_testing.TestCreateProduct" name="testCreateProduct" time="0.725"/>
</testsuite> <!-- Default test -->
