<?xml version="1.0" encoding="UTF-8"?>
<!-- Generated by org.testng.reporters.JUnitXMLReporter -->
<testsuite ignored="0" hostname="LAPTOP-NKUME37F" failures="0" tests="3" name="Login Test" time="4.636" errors="0" timestamp="2024-11-30T17:50:40 ICT">
  <testcase classname="ecm_testing.TestCreateProduct" name="testCreateProduct" time="0.807"/>
  <testcase classname="ecm_testing.TestCreateProduct" name="testCreateProduct" time="0.695"/>
  <testcase classname="ecm_testing.TestCreateProduct" name="testCreateProduct" time="0.718"/>
</testsuite> <!-- Login Test -->
